2022-11-01 08:53:31,824 INFO Set uid to user 0 succeeded
2022-11-01 08:53:31,840 INFO supervisord started with pid 1
2022-11-01 08:53:32,842 INFO spawned: 'cron_00' with pid 7
2022-11-01 08:53:32,845 INFO spawned: 'queue_00' with pid 8
2022-11-01 08:53:33,847 INFO success: cron_00 entered RUNNING state, process has stayed up for > than 1 seconds (startsecs)
2022-11-01 08:53:33,847 INFO success: queue_00 entered RUNNING state, process has stayed up for > than 1 seconds (startsecs)
2022-11-01 08:58:48,033 WARN received SIGTERM indicating exit request
2022-11-01 08:58:48,034 INFO waiting for cron_00, queue_00 to die
2022-11-01 08:58:48,037 INFO stopped: queue_00 (terminated by SIGTERM)
2022-11-01 08:58:48,038 INFO stopped: cron_00 (terminated by SIGTERM)
2022-11-01 09:03:30,026 INFO Set uid to user 0 succeeded
2022-11-01 09:03:30,038 INFO supervisord started with pid 1
2022-11-01 09:03:31,040 INFO spawned: 'cron_00' with pid 7
2022-11-01 09:03:31,043 INFO spawned: 'queue_00' with pid 8
2022-11-01 09:03:32,045 INFO success: cron_00 entered RUNNING state, process has stayed up for > than 1 seconds (startsecs)
2022-11-01 09:03:32,045 INFO success: queue_00 entered RUNNING state, process has stayed up for > than 1 seconds (startsecs)
2022-11-01 11:19:07,274 WARN received SIGTERM indicating exit request
2022-11-01 11:19:07,275 INFO waiting for cron_00, queue_00 to die
2022-11-01 11:19:07,279 INFO stopped: queue_00 (terminated by SIGTERM)
2022-11-01 11:19:07,280 INFO stopped: cron_00 (terminated by SIGTERM)
2022-11-01 11:19:07,281 INFO reaped unknown pid 954 (exit status 0)
2022-11-03 10:08:51,931 INFO Set uid to user 0 succeeded
2022-11-03 10:08:51,947 INFO supervisord started with pid 1
2022-11-03 10:08:52,958 INFO spawned: 'cron_00' with pid 8
2022-11-03 10:08:52,961 INFO spawned: 'queue_00' with pid 9
2022-11-03 10:08:53,963 INFO success: cron_00 entered RUNNING state, process has stayed up for > than 1 seconds (startsecs)
2022-11-03 10:08:53,964 INFO success: queue_00 entered RUNNING state, process has stayed up for > than 1 seconds (startsecs)
2022-11-03 14:50:03,586 INFO Set uid to user 0 succeeded
2022-11-03 14:50:03,596 INFO supervisord started with pid 1
2022-11-03 14:50:04,599 INFO spawned: 'cron_00' with pid 8
2022-11-03 14:50:04,601 INFO spawned: 'queue_00' with pid 9
2022-11-03 14:50:05,603 INFO success: cron_00 entered RUNNING state, process has stayed up for > than 1 seconds (startsecs)
2022-11-03 14:50:05,604 INFO success: queue_00 entered RUNNING state, process has stayed up for > than 1 seconds (startsecs)
2022-11-04 14:39:26,066 INFO Set uid to user 0 succeeded
2022-11-04 14:39:26,076 INFO supervisord started with pid 1
2022-11-04 14:39:27,080 INFO spawned: 'cron_00' with pid 8
2022-11-04 14:39:27,082 INFO spawned: 'queue_00' with pid 9
2022-11-04 14:39:28,083 INFO success: cron_00 entered RUNNING state, process has stayed up for > than 1 seconds (startsecs)
2022-11-04 14:39:28,084 INFO success: queue_00 entered RUNNING state, process has stayed up for > than 1 seconds (startsecs)
2022-11-06 14:52:35,406 INFO Set uid to user 0 succeeded
2022-11-06 14:52:35,416 INFO supervisord started with pid 1
2022-11-06 14:52:36,420 INFO spawned: 'cron_00' with pid 8
2022-11-06 14:52:36,421 INFO spawned: 'queue_00' with pid 9
2022-11-06 14:52:37,423 INFO success: cron_00 entered RUNNING state, process has stayed up for > than 1 seconds (startsecs)
2022-11-06 14:52:37,424 INFO success: queue_00 entered RUNNING state, process has stayed up for > than 1 seconds (startsecs)
2022-11-07 13:54:58,542 WARN received SIGTERM indicating exit request
2022-11-07 13:54:58,543 INFO waiting for cron_00, queue_00 to die
2022-11-07 13:54:58,547 INFO stopped: queue_00 (terminated by SIGTERM)
2022-11-07 13:54:58,548 INFO stopped: cron_00 (terminated by SIGTERM)
2022-11-11 12:15:59,368 INFO Set uid to user 0 succeeded
2022-11-11 12:15:59,381 INFO supervisord started with pid 1
2022-11-11 12:16:00,391 INFO spawned: 'cron_00' with pid 8
2022-11-11 12:16:00,394 INFO spawned: 'queue_00' with pid 9
2022-11-11 12:16:01,396 INFO success: cron_00 entered RUNNING state, process has stayed up for > than 1 seconds (startsecs)
2022-11-11 12:16:01,396 INFO success: queue_00 entered RUNNING state, process has stayed up for > than 1 seconds (startsecs)
2022-11-11 15:20:57,071 INFO Set uid to user 0 succeeded
2022-11-11 15:20:57,082 INFO supervisord started with pid 1
2022-11-11 15:20:58,086 INFO spawned: 'cron_00' with pid 7
2022-11-11 15:20:58,087 INFO spawned: 'queue_00' with pid 8
2022-11-11 15:20:59,089 INFO success: cron_00 entered RUNNING state, process has stayed up for > than 1 seconds (startsecs)
2022-11-11 15:20:59,089 INFO success: queue_00 entered RUNNING state, process has stayed up for > than 1 seconds (startsecs)
2022-11-14 07:40:55,140 INFO Set uid to user 0 succeeded
2022-11-14 07:40:55,151 INFO supervisord started with pid 1
2022-11-14 07:40:56,155 INFO spawned: 'cron_00' with pid 8
2022-11-14 07:40:56,157 INFO spawned: 'queue_00' with pid 9
2022-11-14 07:40:57,159 INFO success: cron_00 entered RUNNING state, process has stayed up for > than 1 seconds (startsecs)
2022-11-14 07:40:57,159 INFO success: queue_00 entered RUNNING state, process has stayed up for > than 1 seconds (startsecs)
